d:\poman\уник\кпо курсач\its_time_to_die\arv-2024\arv-2024\debug\vc143.pdb
d:\poman\уник\кпо курсач\its_time_to_die\arv-2024\arv-2024\debug\vc143.idb
d:\poman\уник\кпо курсач\its_time_to_die\arv-2024\arv-2024\debug\semanalysis.obj
d:\poman\уник\кпо курсач\its_time_to_die\arv-2024\arv-2024\debug\polishnotation.obj
d:\poman\уник\кпо курсач\its_time_to_die\arv-2024\arv-2024\debug\parm.obj
d:\poman\уник\кпо курсач\its_time_to_die\arv-2024\arv-2024\debug\mfst.obj
d:\poman\уник\кпо курсач\its_time_to_die\arv-2024\arv-2024\debug\log.obj
d:\poman\уник\кпо курсач\its_time_to_die\arv-2024\arv-2024\debug\lexananlysis.obj
d:\poman\уник\кпо курсач\its_time_to_die\arv-2024\arv-2024\debug\lt.obj
d:\poman\уник\кпо курсач\its_time_to_die\arv-2024\arv-2024\debug\in.obj
d:\poman\уник\кпо курсач\its_time_to_die\arv-2024\arv-2024\debug\it.obj
d:\poman\уник\кпо курсач\its_time_to_die\arv-2024\arv-2024\debug\greibach.obj
d:\poman\уник\кпо курсач\its_time_to_die\arv-2024\arv-2024\debug\generator.obj
d:\poman\уник\кпо курсач\its_time_to_die\arv-2024\arv-2024\debug\fst.obj
d:\poman\уник\кпо курсач\its_time_to_die\arv-2024\arv-2024\debug\error.obj
d:\poman\уник\кпо курсач\its_time_to_die\arv-2024\arv-2024\debug\arv-2024.obj
d:\poman\уник\кпо курсач\its_time_to_die\arv-2024\debug\arv-2024.exe
d:\poman\уник\кпо курсач\its_time_to_die\arv-2024\arv-2024\debug\arv-2024.ilk
d:\poman\уник\кпо курсач\its_time_to_die\arv-2024\debug\arv-2024.pdb
d:\poman\уник\кпо курсач\its_time_to_die\arv-2024\arv-2024\debug\arv-2024.tlog\cl.command.1.tlog
d:\poman\уник\кпо курсач\its_time_to_die\arv-2024\arv-2024\debug\arv-2024.tlog\cl.items.tlog
d:\poman\уник\кпо курсач\its_time_to_die\arv-2024\arv-2024\debug\arv-2024.tlog\cl.read.1.tlog
d:\poman\уник\кпо курсач\its_time_to_die\arv-2024\arv-2024\debug\arv-2024.tlog\cl.write.1.tlog
d:\poman\уник\кпо курсач\its_time_to_die\arv-2024\arv-2024\debug\arv-2024.tlog\link.command.1.tlog
d:\poman\уник\кпо курсач\its_time_to_die\arv-2024\arv-2024\debug\arv-2024.tlog\link.read.1.tlog
d:\poman\уник\кпо курсач\its_time_to_die\arv-2024\arv-2024\debug\arv-2024.tlog\link.write.1.tlog
