Сборка начата 16.12.2024 10:16:18.
Уровень детализации журнала: Normal.     1>Проект "D:\Poman\уник\КПО КУРСАЧ\ITS_TIME_TO_DIE\ARV-2024\ARV-2024\ARV-2024.vcxproj" в узле 2 (целевые объекты Build).
     1>InitializeBuildStatus:
         Создание "Debug\ARV-2024.tlog\unsuccessfulbuild", так как было задано "AlwaysCreate".
         Обращение к "Debug\ARV-2024.tlog\unsuccessfulbuild".
       ClCompile:
         C:\Program Files\Microsoft Visual Studio\2022\Professional\VC\Tools\MSVC\14.37.32822\bin\HostX86\x86\CL.exe /c /ZI /JMC /nologo /W3 /WX- /diagnostics:column /sdl /Od /Oy- /D WIN32 /D _DEBUG /D _CONSOLE /D _UNICODE /D UNICODE /Gm- /EHsc /RTC1 /MDd /GS /fp:precise /Zc:wchar_t /Zc:forScope /Zc:inline /permissive- /Fo"Debug\\" /Fd"Debug\vc143.pdb" /external:W3 /Gd /TP /analyze- /FC /errorReport:prompt "ARV-2024.cpp" Error.cpp FST.cpp Generator.cpp Greibach.cpp IT.cpp In.cpp LT.cpp LexAnanlysis.cpp Log.cpp MFST.cpp Parm.cpp PolishNotation.cpp SemAnalysis.cpp
         ARV-2024.cpp
         Error.cpp
         FST.cpp
         Generator.cpp
         Greibach.cpp
         IT.cpp
         In.cpp
         LT.cpp
         LexAnanlysis.cpp
         Log.cpp
         MFST.cpp
         Parm.cpp
         PolishNotation.cpp
         SemAnalysis.cpp
         Создание кода...
     1>D:\Poman\уник\КПО КУРСАЧ\ITS_TIME_TO_DIE\ARV-2024\ARV-2024\LexAnanlysis.cpp(130): warning C4172: возвращение адреса локальной или временной переменной : res
       Link:
         C:\Program Files\Microsoft Visual Studio\2022\Professional\VC\Tools\MSVC\14.37.32822\bin\HostX86\x86\link.exe /ERRORREPORT:PROMPT /OUT:"D:\Poman\уник\КПО КУРСАЧ\ITS_TIME_TO_DIE\ARV-2024\Debug\ARV-2024.exe" /INCREMENTAL /ILK:"Debug\ARV-2024.ilk" /NOLOGO kernel32.lib user32.lib gdi32.lib winspool.lib comdlg32.lib advapi32.lib shell32.lib ole32.lib oleaut32.lib uuid.lib odbc32.lib odbccp32.lib /MANIFEST /MANIFESTUAC:"level='asInvoker' uiAccess='false'" /manifest:embed /DEBUG /PDB:"D:\Poman\уник\КПО КУРСАЧ\ITS_TIME_TO_DIE\ARV-2024\Debug\ARV-2024.pdb" /SUBSYSTEM:CONSOLE /TLBID:1 /DYNAMICBASE /NXCOMPAT /IMPLIB:"D:\Poman\уник\КПО КУРСАЧ\ITS_TIME_TO_DIE\ARV-2024\Debug\ARV-2024.lib" /MACHINE:X86 "Debug\ARV-2024.obj"
         Debug\Generator.obj
         Debug\Error.obj
         Debug\FST.obj
         Debug\Greibach.obj
         Debug\In.obj
         Debug\IT.obj
         Debug\LexAnanlysis.obj
         Debug\Log.obj
         Debug\LT.obj
         Debug\MFST.obj
         Debug\Parm.obj
         Debug\PolishNotation.obj
         Debug\SemAnalysis.obj
         ARV-2024.vcxproj -> D:\Poman\уник\КПО КУРСАЧ\ITS_TIME_TO_DIE\ARV-2024\Debug\ARV-2024.exe
       FinalizeBuildStatus:
         Файл "Debug\ARV-2024.tlog\unsuccessfulbuild" удаляется.
         Обращение к "Debug\ARV-2024.tlog\ARV-2024.lastbuildstate".
     1>Сборка проекта "D:\Poman\уник\КПО КУРСАЧ\ITS_TIME_TO_DIE\ARV-2024\ARV-2024\ARV-2024.vcxproj" завершена (целевые объекты Build).

Сборка успешно завершена.

       "D:\Poman\уник\КПО КУРСАЧ\ITS_TIME_TO_DIE\ARV-2024\ARV-2024\ARV-2024.vcxproj" (целевой объект Build ) (1) ->
       (Целевой объект ClCompile) -> 
         D:\Poman\уник\КПО КУРСАЧ\ITS_TIME_TO_DIE\ARV-2024\ARV-2024\LexAnanlysis.cpp(130): warning C4172: возвращение адреса локальной или временной переменной : res

    Предупреждений: 1
    Ошибок: 0

Прошло времени 00:00:11.95
